django.utils.autoreload INFO 2022-12-23 09:10:55,640 autoreload 10656 22040 Watching for file changes with StatReloader
django.utils.autoreload INFO 2022-12-23 09:13:38,341 autoreload 10656 22040 D:\Practice\glass admin\core\settings.py changed, reloading.
django.utils.autoreload INFO 2022-12-23 09:30:38,728 autoreload 11612 22068 Watching for file changes with StatReloader
django.utils.autoreload INFO 2022-12-23 09:39:32,357 autoreload 9664 6312 Watching for file changes with StatReloader
django.utils.autoreload INFO 2022-12-23 09:47:03,203 autoreload 11612 22068 D:\Practice\glass admin\app\apps.py changed, reloading.
django.utils.autoreload INFO 2022-12-23 09:47:03,730 autoreload 9664 6312 D:\Practice\glass admin\app\apps.py changed, reloading.
django.utils.autoreload INFO 2022-12-23 09:47:04,229 autoreload 5260 3968 Watching for file changes with StatReloader
django.utils.autoreload INFO 2022-12-23 09:47:09,647 autoreload 5260 3968 D:\Practice\glass admin\app\apps.py changed, reloading.
django.utils.autoreload INFO 2022-12-23 09:47:10,071 autoreload 20764 21092 Watching for file changes with StatReloader
django.utils.autoreload INFO 2022-12-23 09:47:15,425 autoreload 20764 21092 D:\Practice\glass admin\app\apps.py changed, reloading.
django.utils.autoreload INFO 2022-12-23 09:47:16,019 autoreload 18824 4672 Watching for file changes with StatReloader
django.utils.autoreload INFO 2022-12-23 09:47:19,274 autoreload 18824 4672 D:\Practice\glass admin\app\apps.py changed, reloading.
pika.adapters.utils.connection_workflow INFO 2022-12-23 09:47:19,843 connection_workflow 18776 5388 Pika version 1.3.1 connecting to ('::1', 5672, 0, 0)
pika.adapters.utils.io_services_utils INFO 2022-12-23 09:47:19,844 io_services_utils 18776 5388 Socket connected: <socket.socket fd=1244, family=AddressFamily.AF_INET6, type=SocketKind.SOCK_STREAM, proto=6, laddr=('::1', 58529, 0, 0), raddr=('::1', 5672, 0, 0)>
pika.adapters.utils.connection_workflow INFO 2022-12-23 09:47:19,845 connection_workflow 18776 5388 Streaming transport linked up: (<pika.adapters.utils.io_services_utils._AsyncPlaintextTransport object at 0x0000020D0FBD1AF0>, _StreamingProtocolShim: <SelectConnection PROTOCOL transport=<pika.adapters.utils.io_services_utils._AsyncPlaintextTransport object at 0x0000020D0FBD1AF0> params=<ConnectionParameters host=localhost port=5672 virtual_host=/ ssl=False>>).
pika.adapters.utils.connection_workflow INFO 2022-12-23 09:47:19,848 connection_workflow 18776 5388 AMQPConnector - reporting success: <SelectConnection OPEN transport=<pika.adapters.utils.io_services_utils._AsyncPlaintextTransport object at 0x0000020D0FBD1AF0> params=<ConnectionParameters host=localhost port=5672 virtual_host=/ ssl=False>>
pika.adapters.utils.connection_workflow INFO 2022-12-23 09:47:19,848 connection_workflow 18776 5388 AMQPConnectionWorkflow - reporting success: <SelectConnection OPEN transport=<pika.adapters.utils.io_services_utils._AsyncPlaintextTransport object at 0x0000020D0FBD1AF0> params=<ConnectionParameters host=localhost port=5672 virtual_host=/ ssl=False>>
pika.adapters.blocking_connection INFO 2022-12-23 09:47:19,848 blocking_connection 18776 5388 Connection workflow succeeded: <SelectConnection OPEN transport=<pika.adapters.utils.io_services_utils._AsyncPlaintextTransport object at 0x0000020D0FBD1AF0> params=<ConnectionParameters host=localhost port=5672 virtual_host=/ ssl=False>>
pika.adapters.blocking_connection INFO 2022-12-23 09:47:19,848 blocking_connection 18776 5388 Created channel=1
pika.adapters.utils.connection_workflow INFO 2022-12-23 09:53:27,969 connection_workflow 11216 20728 Pika version 1.3.1 connecting to ('::1', 5672, 0, 0)
pika.adapters.utils.io_services_utils INFO 2022-12-23 09:53:27,969 io_services_utils 11216 20728 Socket connected: <socket.socket fd=1404, family=AddressFamily.AF_INET6, type=SocketKind.SOCK_STREAM, proto=6, laddr=('::1', 58805, 0, 0), raddr=('::1', 5672, 0, 0)>
pika.adapters.utils.connection_workflow INFO 2022-12-23 09:53:27,969 connection_workflow 11216 20728 Streaming transport linked up: (<pika.adapters.utils.io_services_utils._AsyncPlaintextTransport object at 0x0000019EE09EEAF0>, _StreamingProtocolShim: <SelectConnection PROTOCOL transport=<pika.adapters.utils.io_services_utils._AsyncPlaintextTransport object at 0x0000019EE09EEAF0> params=<ConnectionParameters host=localhost port=5672 virtual_host=/ ssl=False>>).
pika.adapters.utils.connection_workflow INFO 2022-12-23 09:53:27,985 connection_workflow 11216 20728 AMQPConnector - reporting success: <SelectConnection OPEN transport=<pika.adapters.utils.io_services_utils._AsyncPlaintextTransport object at 0x0000019EE09EEAF0> params=<ConnectionParameters host=localhost port=5672 virtual_host=/ ssl=False>>
pika.adapters.utils.connection_workflow INFO 2022-12-23 09:53:27,985 connection_workflow 11216 20728 AMQPConnectionWorkflow - reporting success: <SelectConnection OPEN transport=<pika.adapters.utils.io_services_utils._AsyncPlaintextTransport object at 0x0000019EE09EEAF0> params=<ConnectionParameters host=localhost port=5672 virtual_host=/ ssl=False>>
pika.adapters.blocking_connection INFO 2022-12-23 09:53:27,985 blocking_connection 11216 20728 Connection workflow succeeded: <SelectConnection OPEN transport=<pika.adapters.utils.io_services_utils._AsyncPlaintextTransport object at 0x0000019EE09EEAF0> params=<ConnectionParameters host=localhost port=5672 virtual_host=/ ssl=False>>
pika.adapters.blocking_connection INFO 2022-12-23 09:53:27,985 blocking_connection 11216 20728 Created channel=1
pika.adapters.utils.connection_workflow INFO 2022-12-23 09:53:28,184 connection_workflow 18764 21448 Pika version 1.3.1 connecting to ('::1', 5672, 0, 0)
pika.adapters.utils.io_services_utils INFO 2022-12-23 09:53:28,185 io_services_utils 18764 21448 Socket connected: <socket.socket fd=1584, family=AddressFamily.AF_INET6, type=SocketKind.SOCK_STREAM, proto=6, laddr=('::1', 58811, 0, 0), raddr=('::1', 5672, 0, 0)>
pika.adapters.utils.connection_workflow INFO 2022-12-23 09:53:28,185 connection_workflow 18764 21448 Streaming transport linked up: (<pika.adapters.utils.io_services_utils._AsyncPlaintextTransport object at 0x000002521DBD1700>, _StreamingProtocolShim: <SelectConnection PROTOCOL transport=<pika.adapters.utils.io_services_utils._AsyncPlaintextTransport object at 0x000002521DBD1700> params=<ConnectionParameters host=localhost port=5672 virtual_host=/ ssl=False>>).
pika.adapters.utils.connection_workflow INFO 2022-12-23 09:53:28,190 connection_workflow 18764 21448 AMQPConnector - reporting success: <SelectConnection OPEN transport=<pika.adapters.utils.io_services_utils._AsyncPlaintextTransport object at 0x000002521DBD1700> params=<ConnectionParameters host=localhost port=5672 virtual_host=/ ssl=False>>
pika.adapters.utils.connection_workflow INFO 2022-12-23 09:53:28,190 connection_workflow 18764 21448 AMQPConnectionWorkflow - reporting success: <SelectConnection OPEN transport=<pika.adapters.utils.io_services_utils._AsyncPlaintextTransport object at 0x000002521DBD1700> params=<ConnectionParameters host=localhost port=5672 virtual_host=/ ssl=False>>
pika.adapters.blocking_connection INFO 2022-12-23 09:53:28,190 blocking_connection 18764 21448 Connection workflow succeeded: <SelectConnection OPEN transport=<pika.adapters.utils.io_services_utils._AsyncPlaintextTransport object at 0x000002521DBD1700> params=<ConnectionParameters host=localhost port=5672 virtual_host=/ ssl=False>>
pika.adapters.blocking_connection INFO 2022-12-23 09:53:28,191 blocking_connection 18764 21448 Created channel=1
pika.adapters.utils.connection_workflow INFO 2022-12-23 09:54:07,398 connection_workflow 15388 13408 Pika version 1.3.1 connecting to ('::1', 5672, 0, 0)
pika.adapters.utils.io_services_utils INFO 2022-12-23 09:54:07,398 io_services_utils 15388 13408 Socket connected: <socket.socket fd=1464, family=AddressFamily.AF_INET6, type=SocketKind.SOCK_STREAM, proto=6, laddr=('::1', 58836, 0, 0), raddr=('::1', 5672, 0, 0)>
pika.adapters.utils.connection_workflow INFO 2022-12-23 09:54:07,398 connection_workflow 15388 13408 Streaming transport linked up: (<pika.adapters.utils.io_services_utils._AsyncPlaintextTransport object at 0x000001780B560E80>, _StreamingProtocolShim: <SelectConnection PROTOCOL transport=<pika.adapters.utils.io_services_utils._AsyncPlaintextTransport object at 0x000001780B560E80> params=<ConnectionParameters host=localhost port=5672 virtual_host=/ ssl=False>>).
pika.adapters.utils.connection_workflow INFO 2022-12-23 09:54:07,414 connection_workflow 15388 13408 AMQPConnector - reporting success: <SelectConnection OPEN transport=<pika.adapters.utils.io_services_utils._AsyncPlaintextTransport object at 0x000001780B560E80> params=<ConnectionParameters host=localhost port=5672 virtual_host=/ ssl=False>>
pika.adapters.utils.connection_workflow INFO 2022-12-23 09:54:07,414 connection_workflow 15388 13408 AMQPConnectionWorkflow - reporting success: <SelectConnection OPEN transport=<pika.adapters.utils.io_services_utils._AsyncPlaintextTransport object at 0x000001780B560E80> params=<ConnectionParameters host=localhost port=5672 virtual_host=/ ssl=False>>
pika.adapters.blocking_connection INFO 2022-12-23 09:54:07,414 blocking_connection 15388 13408 Connection workflow succeeded: <SelectConnection OPEN transport=<pika.adapters.utils.io_services_utils._AsyncPlaintextTransport object at 0x000001780B560E80> params=<ConnectionParameters host=localhost port=5672 virtual_host=/ ssl=False>>
pika.adapters.blocking_connection INFO 2022-12-23 09:54:07,414 blocking_connection 15388 13408 Created channel=1
django.utils.autoreload INFO 2022-12-23 09:57:30,600 autoreload 21532 11276 Watching for file changes with StatReloader
